{"name":"hexo","hostname":"C02DT9TKMD6M","pid":4479,"level":20,"msg":"Hexo version: \u001b[35m3.4.3\u001b[39m","time":"2021-06-21T12:37:30.556Z","v":0}
{"name":"hexo","hostname":"C02DT9TKMD6M","pid":4479,"level":20,"msg":"Working directory: \u001b[35m~/Documents/Quincy-QC.github.io/\u001b[39m","time":"2021-06-21T12:37:30.557Z","v":0}
{"name":"hexo","hostname":"C02DT9TKMD6M","pid":4479,"level":20,"msg":"Config loaded: \u001b[35m~/Documents/Quincy-QC.github.io/_config.yml\u001b[39m","time":"2021-06-21T12:37:30.632Z","v":0}
{"name":"hexo","hostname":"C02DT9TKMD6M","pid":4479,"level":20,"msg":"Plugin loaded: \u001b[35mhexo-deployer-git\u001b[39m","time":"2021-06-21T12:37:30.644Z","v":0}
{"name":"hexo","hostname":"C02DT9TKMD6M","pid":4479,"level":20,"msg":"Plugin loaded: \u001b[35mhexo-generator-category\u001b[39m","time":"2021-06-21T12:37:30.645Z","v":0}
{"name":"hexo","hostname":"C02DT9TKMD6M","pid":4479,"level":20,"msg":"Plugin loaded: \u001b[35mhexo-generator-archive\u001b[39m","time":"2021-06-21T12:37:30.646Z","v":0}
{"name":"hexo","hostname":"C02DT9TKMD6M","pid":4479,"level":20,"msg":"Plugin loaded: \u001b[35mhexo-generator-seo-friendly-sitemap\u001b[39m","time":"2021-06-21T12:37:30.658Z","v":0}
{"name":"hexo","hostname":"C02DT9TKMD6M","pid":4479,"level":20,"msg":"Plugin loaded: \u001b[35mhexo-generator-index\u001b[39m","time":"2021-06-21T12:37:30.659Z","v":0}
{"name":"hexo","hostname":"C02DT9TKMD6M","pid":4479,"level":20,"msg":"Plugin loaded: \u001b[35mhexo-generator-tag\u001b[39m","time":"2021-06-21T12:37:30.660Z","v":0}
{"name":"hexo","hostname":"C02DT9TKMD6M","pid":4479,"level":20,"msg":"Plugin loaded: \u001b[35mhexo-renderer-ejs\u001b[39m","time":"2021-06-21T12:37:30.662Z","v":0}
{"name":"hexo","hostname":"C02DT9TKMD6M","pid":4479,"level":20,"msg":"Plugin loaded: \u001b[35mhexo-renderer-stylus\u001b[39m","time":"2021-06-21T12:37:30.663Z","v":0}
{"name":"hexo","hostname":"C02DT9TKMD6M","pid":4479,"level":20,"msg":"Plugin loaded: \u001b[35mhexo-renderer-markdown-it\u001b[39m","time":"2021-06-21T12:37:30.664Z","v":0}
{"name":"hexo","hostname":"C02DT9TKMD6M","pid":4479,"level":20,"msg":"Plugin loaded: \u001b[35mhexo-server\u001b[39m","time":"2021-06-21T12:37:30.717Z","v":0}
{"name":"hexo","hostname":"C02DT9TKMD6M","pid":4479,"level":20,"msg":"Plugin loaded: \u001b[35mhexo-toc\u001b[39m","time":"2021-06-21T12:37:30.792Z","v":0}
{"name":"hexo","hostname":"C02DT9TKMD6M","pid":4479,"level":20,"msg":"Loading database.","time":"2021-06-21T12:37:30.798Z","v":0}
{"name":"hexo","hostname":"C02DT9TKMD6M","pid":4479,"level":30,"msg":"Start processing","time":"2021-06-21T12:37:30.805Z","v":0}
{"name":"hexo","hostname":"C02DT9TKMD6M","pid":4479,"level":20,"msg":"Processed: \u001b[35mimg/icon_wechat.png\u001b[39m","time":"2021-06-21T12:37:30.849Z","v":0}
{"name":"hexo","hostname":"C02DT9TKMD6M","pid":4479,"level":20,"msg":"Theme config loaded.","time":"2021-06-21T12:37:30.889Z","v":0}
{"name":"hexo","hostname":"C02DT9TKMD6M","pid":4479,"level":20,"msg":"Processed: \u001b[35m404.md\u001b[39m","time":"2021-06-21T12:37:30.890Z","v":0}
{"name":"hexo","hostname":"C02DT9TKMD6M","pid":4479,"level":20,"msg":"Processed: \u001b[35m_config.yml\u001b[39m","time":"2021-06-21T12:37:30.890Z","v":0}
{"name":"hexo","hostname":"C02DT9TKMD6M","pid":4479,"level":20,"msg":"Processed: \u001b[35mimg/header_img/about.jpg\u001b[39m","time":"2021-06-21T12:37:30.898Z","v":0}
{"name":"hexo","hostname":"C02DT9TKMD6M","pid":4479,"level":20,"msg":"Processed: \u001b[35msource/css/archive.styl\u001b[39m","time":"2021-06-21T12:37:30.900Z","v":0}
{"name":"hexo","hostname":"C02DT9TKMD6M","pid":4479,"level":20,"msg":"Processed: \u001b[35msource/css/beantech.css\u001b[39m","time":"2021-06-21T12:37:30.901Z","v":0}
{"name":"hexo","hostname":"C02DT9TKMD6M","pid":4479,"level":20,"msg":"Processed: \u001b[35msource/css/beantech.min.css\u001b[39m","time":"2021-06-21T12:37:30.901Z","v":0}
{"name":"hexo","hostname":"C02DT9TKMD6M","pid":4479,"level":20,"msg":"Processed: \u001b[35msource/css/donate.css\u001b[39m","time":"2021-06-21T12:37:30.901Z","v":0}
{"name":"hexo","hostname":"C02DT9TKMD6M","pid":4479,"level":20,"msg":"Processed: \u001b[35msource/css/highlight.styl\u001b[39m","time":"2021-06-21T12:37:30.902Z","v":0}
{"name":"hexo","hostname":"C02DT9TKMD6M","pid":4479,"level":20,"msg":"Processed: \u001b[35msource/css/hux-blog.min.css\u001b[39m","time":"2021-06-21T12:37:30.902Z","v":0}
{"name":"hexo","hostname":"C02DT9TKMD6M","pid":4479,"level":20,"msg":"Processed: \u001b[35msource/css/rocket.styl\u001b[39m","time":"2021-06-21T12:37:30.902Z","v":0}
{"name":"hexo","hostname":"C02DT9TKMD6M","pid":4479,"level":20,"msg":"Processed: \u001b[35msource/css/signature.styl\u001b[39m","time":"2021-06-21T12:37:30.903Z","v":0}
{"name":"hexo","hostname":"C02DT9TKMD6M","pid":4479,"level":20,"msg":"Processed: \u001b[35msource/css/toc.styl\u001b[39m","time":"2021-06-21T12:37:30.903Z","v":0}
{"name":"hexo","hostname":"C02DT9TKMD6M","pid":4479,"level":20,"msg":"Processed: \u001b[35msource/css/widget.styl\u001b[39m","time":"2021-06-21T12:37:30.903Z","v":0}
{"name":"hexo","hostname":"C02DT9TKMD6M","pid":4479,"level":20,"msg":"Processed: \u001b[35msource/fonts/glyphicons-halflings-regular.eot\u001b[39m","time":"2021-06-21T12:37:30.903Z","v":0}
{"name":"hexo","hostname":"C02DT9TKMD6M","pid":4479,"level":20,"msg":"Processed: \u001b[35msource/fonts/glyphicons-halflings-regular.ttf\u001b[39m","time":"2021-06-21T12:37:30.904Z","v":0}
{"name":"hexo","hostname":"C02DT9TKMD6M","pid":4479,"level":20,"msg":"Processed: \u001b[35msource/fonts/glyphicons-halflings-regular.woff\u001b[39m","time":"2021-06-21T12:37:30.904Z","v":0}
{"name":"hexo","hostname":"C02DT9TKMD6M","pid":4479,"level":20,"msg":"Processed: \u001b[35msource/fonts/glyphicons-halflings-regular.woff2\u001b[39m","time":"2021-06-21T12:37:30.904Z","v":0}
{"name":"hexo","hostname":"C02DT9TKMD6M","pid":4479,"level":20,"msg":"Processed: \u001b[35msource/js/bootstrap.min.js\u001b[39m","time":"2021-06-21T12:37:30.928Z","v":0}
{"name":"hexo","hostname":"C02DT9TKMD6M","pid":4479,"level":20,"msg":"Processed: \u001b[35msource/js/hux-blog.js\u001b[39m","time":"2021-06-21T12:37:30.928Z","v":0}
{"name":"hexo","hostname":"C02DT9TKMD6M","pid":4479,"level":20,"msg":"Processed: \u001b[35msource/js/hux-blog.min.js\u001b[39m","time":"2021-06-21T12:37:30.929Z","v":0}
{"name":"hexo","hostname":"C02DT9TKMD6M","pid":4479,"level":20,"msg":"Processed: \u001b[35msource/js/jquery.nav.js\u001b[39m","time":"2021-06-21T12:37:30.929Z","v":0}
{"name":"hexo","hostname":"C02DT9TKMD6M","pid":4479,"level":20,"msg":"Processed: \u001b[35msource/js/jquery.tagcloud.js\u001b[39m","time":"2021-06-21T12:37:30.930Z","v":0}
{"name":"hexo","hostname":"C02DT9TKMD6M","pid":4479,"level":20,"msg":"Processed: \u001b[35msource/js/toc.js\u001b[39m","time":"2021-06-21T12:37:30.930Z","v":0}
{"name":"hexo","hostname":"C02DT9TKMD6M","pid":4479,"level":20,"msg":"Processed: \u001b[35msource/js/totop.js\u001b[39m","time":"2021-06-21T12:37:30.930Z","v":0}
{"name":"hexo","hostname":"C02DT9TKMD6M","pid":4479,"level":20,"msg":"Processed: \u001b[35mimg/header_img/archives-widget.jpg\u001b[39m","time":"2021-06-21T12:37:30.931Z","v":0}
{"name":"hexo","hostname":"C02DT9TKMD6M","pid":4479,"level":20,"msg":"Processed: \u001b[35msource/css/bootstrap.min.css\u001b[39m","time":"2021-06-21T12:37:30.931Z","v":0}
{"name":"hexo","hostname":"C02DT9TKMD6M","pid":4479,"level":20,"msg":"Processed: \u001b[35msource/fonts/glyphicons-halflings-regular.svg\u001b[39m","time":"2021-06-21T12:37:30.931Z","v":0}
{"name":"hexo","hostname":"C02DT9TKMD6M","pid":4479,"level":20,"msg":"Processed: \u001b[35mlayout/404.ejs\u001b[39m","time":"2021-06-21T12:37:30.961Z","v":0}
{"name":"hexo","hostname":"C02DT9TKMD6M","pid":4479,"level":20,"msg":"Processed: \u001b[35mlayout/about.ejs\u001b[39m","time":"2021-06-21T12:37:30.961Z","v":0}
{"name":"hexo","hostname":"C02DT9TKMD6M","pid":4479,"level":20,"msg":"Processed: \u001b[35mlayout/archive.ejs\u001b[39m","time":"2021-06-21T12:37:30.962Z","v":0}
{"name":"hexo","hostname":"C02DT9TKMD6M","pid":4479,"level":20,"msg":"Processed: \u001b[35mlayout/index.ejs\u001b[39m","time":"2021-06-21T12:37:30.962Z","v":0}
{"name":"hexo","hostname":"C02DT9TKMD6M","pid":4479,"level":20,"msg":"Processed: \u001b[35mlayout/keynote.ejs\u001b[39m","time":"2021-06-21T12:37:30.962Z","v":0}
{"name":"hexo","hostname":"C02DT9TKMD6M","pid":4479,"level":20,"msg":"Processed: \u001b[35mlayout/layout.ejs\u001b[39m","time":"2021-06-21T12:37:30.962Z","v":0}
{"name":"hexo","hostname":"C02DT9TKMD6M","pid":4479,"level":20,"msg":"Processed: \u001b[35mlayout/page.ejs\u001b[39m","time":"2021-06-21T12:37:30.962Z","v":0}
{"name":"hexo","hostname":"C02DT9TKMD6M","pid":4479,"level":20,"msg":"Processed: \u001b[35mlayout/post.ejs\u001b[39m","time":"2021-06-21T12:37:30.962Z","v":0}
{"name":"hexo","hostname":"C02DT9TKMD6M","pid":4479,"level":20,"msg":"Processed: \u001b[35mlayout/tags.ejs\u001b[39m","time":"2021-06-21T12:37:30.962Z","v":0}
{"name":"hexo","hostname":"C02DT9TKMD6M","pid":4479,"level":20,"msg":"Processed: \u001b[35mabout/index.md\u001b[39m","time":"2021-06-21T12:37:30.964Z","v":0}
{"name":"hexo","hostname":"C02DT9TKMD6M","pid":4479,"level":20,"msg":"Processed: \u001b[35marchive/index.md\u001b[39m","time":"2021-06-21T12:37:30.965Z","v":0}
{"name":"hexo","hostname":"C02DT9TKMD6M","pid":4479,"level":20,"msg":"Processed: \u001b[35mtags/index.md\u001b[39m","time":"2021-06-21T12:37:30.965Z","v":0}
{"name":"hexo","hostname":"C02DT9TKMD6M","pid":4479,"level":20,"msg":"Processed: \u001b[35msource/js/bootstrap.js\u001b[39m","time":"2021-06-21T12:37:30.965Z","v":0}
{"name":"hexo","hostname":"C02DT9TKMD6M","pid":4479,"level":20,"msg":"Processed: \u001b[35msource/js/jquery.min.js\u001b[39m","time":"2021-06-21T12:37:30.966Z","v":0}
{"name":"hexo","hostname":"C02DT9TKMD6M","pid":4479,"level":20,"msg":"Processed: \u001b[35mimg/article/20190418/1.png\u001b[39m","time":"2021-06-21T12:37:30.966Z","v":0}
{"name":"hexo","hostname":"C02DT9TKMD6M","pid":4479,"level":20,"msg":"Processed: \u001b[35mimg/article/20190418/2.png\u001b[39m","time":"2021-06-21T12:37:30.966Z","v":0}
{"name":"hexo","hostname":"C02DT9TKMD6M","pid":4479,"level":20,"msg":"Processed: \u001b[35mimg/article/20190503/1.png\u001b[39m","time":"2021-06-21T12:37:30.966Z","v":0}
{"name":"hexo","hostname":"C02DT9TKMD6M","pid":4479,"level":20,"msg":"Processed: \u001b[35mimg/article/20190503/11.png\u001b[39m","time":"2021-06-21T12:37:30.967Z","v":0}
{"name":"hexo","hostname":"C02DT9TKMD6M","pid":4479,"level":20,"msg":"Processed: \u001b[35mimg/article/20190503/5.png\u001b[39m","time":"2021-06-21T12:37:30.967Z","v":0}
{"name":"hexo","hostname":"C02DT9TKMD6M","pid":4479,"level":20,"msg":"Processed: \u001b[35mimg/article/20190503/4.png\u001b[39m","time":"2021-06-21T12:37:30.967Z","v":0}
{"name":"hexo","hostname":"C02DT9TKMD6M","pid":4479,"level":20,"msg":"Processed: \u001b[35mimg/article/20190503/9.png\u001b[39m","time":"2021-06-21T12:37:30.968Z","v":0}
{"name":"hexo","hostname":"C02DT9TKMD6M","pid":4479,"level":20,"msg":"Processed: \u001b[35mimg/article/20190519/1.png\u001b[39m","time":"2021-06-21T12:37:30.968Z","v":0}
{"name":"hexo","hostname":"C02DT9TKMD6M","pid":4479,"level":20,"msg":"Processed: \u001b[35mimg/article/20190519/10.png\u001b[39m","time":"2021-06-21T12:37:30.968Z","v":0}
{"name":"hexo","hostname":"C02DT9TKMD6M","pid":4479,"level":20,"msg":"Processed: \u001b[35mimg/article/20190519/11.png\u001b[39m","time":"2021-06-21T12:37:30.968Z","v":0}
{"name":"hexo","hostname":"C02DT9TKMD6M","pid":4479,"level":20,"msg":"Processed: \u001b[35mimg/article/20190519/14.png\u001b[39m","time":"2021-06-21T12:37:30.969Z","v":0}
{"name":"hexo","hostname":"C02DT9TKMD6M","pid":4479,"level":20,"msg":"Processed: \u001b[35mimg/article/20190519/12.png\u001b[39m","time":"2021-06-21T12:37:30.969Z","v":0}
{"name":"hexo","hostname":"C02DT9TKMD6M","pid":4479,"level":20,"msg":"Processed: \u001b[35mimg/article/20190519/2.png\u001b[39m","time":"2021-06-21T12:37:30.969Z","v":0}
{"name":"hexo","hostname":"C02DT9TKMD6M","pid":4479,"level":20,"msg":"Processed: \u001b[35mimg/article/20190519/4.png\u001b[39m","time":"2021-06-21T12:37:30.969Z","v":0}
{"name":"hexo","hostname":"C02DT9TKMD6M","pid":4479,"level":20,"msg":"Processed: \u001b[35mimg/article/20190519/5.png\u001b[39m","time":"2021-06-21T12:37:30.970Z","v":0}
{"name":"hexo","hostname":"C02DT9TKMD6M","pid":4479,"level":20,"msg":"Processed: \u001b[35mimg/article/20190519/6.png\u001b[39m","time":"2021-06-21T12:37:30.970Z","v":0}
{"name":"hexo","hostname":"C02DT9TKMD6M","pid":4479,"level":20,"msg":"Processed: \u001b[35mimg/article/20190519/7.png\u001b[39m","time":"2021-06-21T12:37:30.970Z","v":0}
{"name":"hexo","hostname":"C02DT9TKMD6M","pid":4479,"level":20,"msg":"Processed: \u001b[35mimg/article/20190519/8.png\u001b[39m","time":"2021-06-21T12:37:30.971Z","v":0}
{"name":"hexo","hostname":"C02DT9TKMD6M","pid":4479,"level":20,"msg":"Processed: \u001b[35mimg/article/20190519/9.png\u001b[39m","time":"2021-06-21T12:37:30.971Z","v":0}
{"name":"hexo","hostname":"C02DT9TKMD6M","pid":4479,"level":20,"msg":"Processed: \u001b[35mimg/article/20190606/1.png\u001b[39m","time":"2021-06-21T12:37:30.971Z","v":0}
{"name":"hexo","hostname":"C02DT9TKMD6M","pid":4479,"level":20,"msg":"Processed: \u001b[35mimg/article/20190801/2.png\u001b[39m","time":"2021-06-21T12:37:30.971Z","v":0}
{"name":"hexo","hostname":"C02DT9TKMD6M","pid":4479,"level":20,"msg":"Processed: \u001b[35mimg/article/20190801/3.png\u001b[39m","time":"2021-06-21T12:37:30.972Z","v":0}
{"name":"hexo","hostname":"C02DT9TKMD6M","pid":4479,"level":20,"msg":"Processed: \u001b[35mimg/article/20190801/6.png\u001b[39m","time":"2021-06-21T12:37:30.972Z","v":0}
{"name":"hexo","hostname":"C02DT9TKMD6M","pid":4479,"level":20,"msg":"Processed: \u001b[35mimg/article/20190801/4.png\u001b[39m","time":"2021-06-21T12:37:30.972Z","v":0}
{"name":"hexo","hostname":"C02DT9TKMD6M","pid":4479,"level":20,"msg":"Processed: \u001b[35mimg/article/20190801/5.png\u001b[39m","time":"2021-06-21T12:37:30.972Z","v":0}
{"name":"hexo","hostname":"C02DT9TKMD6M","pid":4479,"level":20,"msg":"Processed: \u001b[35mimg/article/20190810/1.png\u001b[39m","time":"2021-06-21T12:37:30.974Z","v":0}
{"name":"hexo","hostname":"C02DT9TKMD6M","pid":4479,"level":20,"msg":"Processed: \u001b[35mimg/article/20190810/2.png\u001b[39m","time":"2021-06-21T12:37:30.974Z","v":0}
{"name":"hexo","hostname":"C02DT9TKMD6M","pid":4479,"level":20,"msg":"Processed: \u001b[35mimg/article/20190810/3.png\u001b[39m","time":"2021-06-21T12:37:30.974Z","v":0}
{"name":"hexo","hostname":"C02DT9TKMD6M","pid":4479,"level":20,"msg":"Processed: \u001b[35mimg/article/20190801/7.png\u001b[39m","time":"2021-06-21T12:37:30.975Z","v":0}
{"name":"hexo","hostname":"C02DT9TKMD6M","pid":4479,"level":20,"msg":"Processed: \u001b[35mimg/article/20190801/8.png\u001b[39m","time":"2021-06-21T12:37:30.975Z","v":0}
{"name":"hexo","hostname":"C02DT9TKMD6M","pid":4479,"level":20,"msg":"Processed: \u001b[35mimg/article/20190816/1.png\u001b[39m","time":"2021-06-21T12:37:30.975Z","v":0}
{"name":"hexo","hostname":"C02DT9TKMD6M","pid":4479,"level":20,"msg":"Processed: \u001b[35mimg/article/20190816/4.png\u001b[39m","time":"2021-06-21T12:37:30.975Z","v":0}
{"name":"hexo","hostname":"C02DT9TKMD6M","pid":4479,"level":20,"msg":"Processed: \u001b[35mimg/article/20190816/6.png\u001b[39m","time":"2021-06-21T12:37:30.976Z","v":0}
{"name":"hexo","hostname":"C02DT9TKMD6M","pid":4479,"level":20,"msg":"Processed: \u001b[35mimg/article/20190816/7.png\u001b[39m","time":"2021-06-21T12:37:30.976Z","v":0}
{"name":"hexo","hostname":"C02DT9TKMD6M","pid":4479,"level":20,"msg":"Processed: \u001b[35mimg/article/20190902/1.png\u001b[39m","time":"2021-06-21T12:37:30.976Z","v":0}
{"name":"hexo","hostname":"C02DT9TKMD6M","pid":4479,"level":20,"msg":"Processed: \u001b[35mimg/article/20190816/5.png\u001b[39m","time":"2021-06-21T12:37:30.977Z","v":0}
{"name":"hexo","hostname":"C02DT9TKMD6M","pid":4479,"level":20,"msg":"Processed: \u001b[35mimg/article/20190816/3.png\u001b[39m","time":"2021-06-21T12:37:30.977Z","v":0}
{"name":"hexo","hostname":"C02DT9TKMD6M","pid":4479,"level":20,"msg":"Processed: \u001b[35mimg/article/20190902/3.png\u001b[39m","time":"2021-06-21T12:37:30.977Z","v":0}
{"name":"hexo","hostname":"C02DT9TKMD6M","pid":4479,"level":20,"msg":"Processed: \u001b[35mimg/article/20190902/4.png\u001b[39m","time":"2021-06-21T12:37:30.977Z","v":0}
{"name":"hexo","hostname":"C02DT9TKMD6M","pid":4479,"level":20,"msg":"Processed: \u001b[35mimg/article/20190902/2.png\u001b[39m","time":"2021-06-21T12:37:30.978Z","v":0}
{"name":"hexo","hostname":"C02DT9TKMD6M","pid":4479,"level":20,"msg":"Processed: \u001b[35mimg/article/20190902/6.png\u001b[39m","time":"2021-06-21T12:37:30.978Z","v":0}
{"name":"hexo","hostname":"C02DT9TKMD6M","pid":4479,"level":20,"msg":"Processed: \u001b[35mimg/article/20190902/5.png\u001b[39m","time":"2021-06-21T12:37:30.978Z","v":0}
{"name":"hexo","hostname":"C02DT9TKMD6M","pid":4479,"level":20,"msg":"Processed: \u001b[35mimg/article/20190902/7.png\u001b[39m","time":"2021-06-21T12:37:30.978Z","v":0}
{"name":"hexo","hostname":"C02DT9TKMD6M","pid":4479,"level":20,"msg":"Processed: \u001b[35mimg/article/20190902/9.png\u001b[39m","time":"2021-06-21T12:37:30.979Z","v":0}
{"name":"hexo","hostname":"C02DT9TKMD6M","pid":4479,"level":20,"msg":"Processed: \u001b[35mimg/article/20190825/2.png\u001b[39m","time":"2021-06-21T12:37:30.980Z","v":0}
{"name":"hexo","hostname":"C02DT9TKMD6M","pid":4479,"level":20,"msg":"Processed: \u001b[35mimg/article/20190825/4.png\u001b[39m","time":"2021-06-21T12:37:30.980Z","v":0}
{"name":"hexo","hostname":"C02DT9TKMD6M","pid":4479,"level":20,"msg":"Processed: \u001b[35mimg/article/20190825/1.png\u001b[39m","time":"2021-06-21T12:37:30.980Z","v":0}
{"name":"hexo","hostname":"C02DT9TKMD6M","pid":4479,"level":20,"msg":"Processed: \u001b[35mimg/article/20190825/3.png\u001b[39m","time":"2021-06-21T12:37:30.980Z","v":0}
{"name":"hexo","hostname":"C02DT9TKMD6M","pid":4479,"level":20,"msg":"Processed: \u001b[35mimg/article/20190825/7.png\u001b[39m","time":"2021-06-21T12:37:30.981Z","v":0}
{"name":"hexo","hostname":"C02DT9TKMD6M","pid":4479,"level":20,"msg":"Processed: \u001b[35mimg/article/20190825/5.png\u001b[39m","time":"2021-06-21T12:37:30.981Z","v":0}
{"name":"hexo","hostname":"C02DT9TKMD6M","pid":4479,"level":20,"msg":"Processed: \u001b[35mimg/article/20190825/6.png\u001b[39m","time":"2021-06-21T12:37:30.981Z","v":0}
{"name":"hexo","hostname":"C02DT9TKMD6M","pid":4479,"level":20,"msg":"Processed: \u001b[35mimg/article/20200226/1.png\u001b[39m","time":"2021-06-21T12:37:30.982Z","v":0}
{"name":"hexo","hostname":"C02DT9TKMD6M","pid":4479,"level":20,"msg":"Processed: \u001b[35mimg/article/20191216/1.png\u001b[39m","time":"2021-06-21T12:37:30.983Z","v":0}
{"name":"hexo","hostname":"C02DT9TKMD6M","pid":4479,"level":20,"msg":"Processed: \u001b[35mimg/article/20200330/1.png\u001b[39m","time":"2021-06-21T12:37:30.983Z","v":0}
{"name":"hexo","hostname":"C02DT9TKMD6M","pid":4479,"level":20,"msg":"Processed: \u001b[35mimg/article/20200330/2.png\u001b[39m","time":"2021-06-21T12:37:30.983Z","v":0}
{"name":"hexo","hostname":"C02DT9TKMD6M","pid":4479,"level":20,"msg":"Processed: \u001b[35mimg/article/20210621/6b2aaf0f-3957-4dfb-9caa-a5d52ef39ae3.png\u001b[39m","time":"2021-06-21T12:37:30.984Z","v":0}
{"name":"hexo","hostname":"C02DT9TKMD6M","pid":4479,"level":20,"msg":"Processed: \u001b[35mimg/article/20210621/fa9b034a-0688-42d8-ab4a-d78a6845bec0.png\u001b[39m","time":"2021-06-21T12:37:30.984Z","v":0}
{"name":"hexo","hostname":"C02DT9TKMD6M","pid":4479,"level":20,"msg":"Processed: \u001b[35mimg/header_img/archive.jpg\u001b[39m","time":"2021-06-21T12:37:30.984Z","v":0}
{"name":"hexo","hostname":"C02DT9TKMD6M","pid":4479,"level":20,"msg":"Processed: \u001b[35mimg/signature/BeanTechSign-white.png\u001b[39m","time":"2021-06-21T12:37:30.984Z","v":0}
{"name":"hexo","hostname":"C02DT9TKMD6M","pid":4479,"level":20,"msg":"Processed: \u001b[35msource/css/bootstrap.css\u001b[39m","time":"2021-06-21T12:37:30.984Z","v":0}
{"name":"hexo","hostname":"C02DT9TKMD6M","pid":4479,"level":20,"msg":"Processed: \u001b[35msource/css/images/ironman.png\u001b[39m","time":"2021-06-21T12:37:30.985Z","v":0}
{"name":"hexo","hostname":"C02DT9TKMD6M","pid":4479,"level":20,"msg":"Processed: \u001b[35msource/css/images/rocket.png\u001b[39m","time":"2021-06-21T12:37:30.985Z","v":0}
{"name":"hexo","hostname":"C02DT9TKMD6M","pid":4479,"level":20,"msg":"Processed: \u001b[35mimg/article/20190212/2.png\u001b[39m","time":"2021-06-21T12:37:30.992Z","v":0}
{"name":"hexo","hostname":"C02DT9TKMD6M","pid":4479,"level":20,"msg":"Processed: \u001b[35mimg/article/20190212/4.png\u001b[39m","time":"2021-06-21T12:37:30.992Z","v":0}
{"name":"hexo","hostname":"C02DT9TKMD6M","pid":4479,"level":20,"msg":"Processed: \u001b[35mimg/article/20190418/3.png\u001b[39m","time":"2021-06-21T12:37:30.992Z","v":0}
{"name":"hexo","hostname":"C02DT9TKMD6M","pid":4479,"level":20,"msg":"Processed: \u001b[35mimg/article/20190425/1.png\u001b[39m","time":"2021-06-21T12:37:30.992Z","v":0}
{"name":"hexo","hostname":"C02DT9TKMD6M","pid":4479,"level":20,"msg":"Processed: \u001b[35mimg/article/20190425/3.png\u001b[39m","time":"2021-06-21T12:37:30.993Z","v":0}
{"name":"hexo","hostname":"C02DT9TKMD6M","pid":4479,"level":20,"msg":"Processed: \u001b[35mimg/article/20190503/10.png\u001b[39m","time":"2021-06-21T12:37:30.993Z","v":0}
{"name":"hexo","hostname":"C02DT9TKMD6M","pid":4479,"level":20,"msg":"Processed: \u001b[35mimg/article/20190503/2.png\u001b[39m","time":"2021-06-21T12:37:30.993Z","v":0}
{"name":"hexo","hostname":"C02DT9TKMD6M","pid":4479,"level":20,"msg":"Processed: \u001b[35mimg/article/20190503/3.png\u001b[39m","time":"2021-06-21T12:37:30.993Z","v":0}
{"name":"hexo","hostname":"C02DT9TKMD6M","pid":4479,"level":20,"msg":"Processed: \u001b[35mimg/article/20190503/6.png\u001b[39m","time":"2021-06-21T12:37:30.994Z","v":0}
{"name":"hexo","hostname":"C02DT9TKMD6M","pid":4479,"level":20,"msg":"Processed: \u001b[35mimg/article/20190503/7.png\u001b[39m","time":"2021-06-21T12:37:30.994Z","v":0}
{"name":"hexo","hostname":"C02DT9TKMD6M","pid":4479,"level":20,"msg":"Processed: \u001b[35mimg/article/20190503/8.png\u001b[39m","time":"2021-06-21T12:37:30.994Z","v":0}
{"name":"hexo","hostname":"C02DT9TKMD6M","pid":4479,"level":20,"msg":"Processed: \u001b[35mimg/article/20190519/13.png\u001b[39m","time":"2021-06-21T12:37:30.994Z","v":0}
{"name":"hexo","hostname":"C02DT9TKMD6M","pid":4479,"level":20,"msg":"Processed: \u001b[35mimg/article/20190519/3.png\u001b[39m","time":"2021-06-21T12:37:30.994Z","v":0}
{"name":"hexo","hostname":"C02DT9TKMD6M","pid":4479,"level":20,"msg":"Processed: \u001b[35mimg/article/20190801/1.png\u001b[39m","time":"2021-06-21T12:37:30.995Z","v":0}
{"name":"hexo","hostname":"C02DT9TKMD6M","pid":4479,"level":20,"msg":"Processed: \u001b[35mimg/article/20190803/1.png\u001b[39m","time":"2021-06-21T12:37:30.995Z","v":0}
{"name":"hexo","hostname":"C02DT9TKMD6M","pid":4479,"level":20,"msg":"Processed: \u001b[35mimg/article/20190810/6.png\u001b[39m","time":"2021-06-21T12:37:30.995Z","v":0}
{"name":"hexo","hostname":"C02DT9TKMD6M","pid":4479,"level":20,"msg":"Processed: \u001b[35mimg/article/20190819/1.png\u001b[39m","time":"2021-06-21T12:37:30.995Z","v":0}
{"name":"hexo","hostname":"C02DT9TKMD6M","pid":4479,"level":20,"msg":"Processed: \u001b[35mimg/article/20190902/8.png\u001b[39m","time":"2021-06-21T12:37:30.996Z","v":0}
{"name":"hexo","hostname":"C02DT9TKMD6M","pid":4479,"level":20,"msg":"Processed: \u001b[35mimg/article/20191122/3.png\u001b[39m","time":"2021-06-21T12:37:30.996Z","v":0}
{"name":"hexo","hostname":"C02DT9TKMD6M","pid":4479,"level":20,"msg":"Processed: \u001b[35mimg/article/20200226/5.png\u001b[39m","time":"2021-06-21T12:37:30.996Z","v":0}
{"name":"hexo","hostname":"C02DT9TKMD6M","pid":4479,"level":20,"msg":"Processed: \u001b[35mimg/header_img/tag.png\u001b[39m","time":"2021-06-21T12:37:30.996Z","v":0}
{"name":"hexo","hostname":"C02DT9TKMD6M","pid":4479,"level":20,"msg":"Processed: \u001b[35mimg/signature/BeanTechSign-black.png\u001b[39m","time":"2021-06-21T12:37:30.996Z","v":0}
{"name":"hexo","hostname":"C02DT9TKMD6M","pid":4479,"level":20,"msg":"Processed: \u001b[35mlayout/_partial/footer.ejs\u001b[39m","time":"2021-06-21T12:37:31.013Z","v":0}
{"name":"hexo","hostname":"C02DT9TKMD6M","pid":4479,"level":20,"msg":"Processed: \u001b[35mlayout/_partial/head.ejs\u001b[39m","time":"2021-06-21T12:37:31.013Z","v":0}
{"name":"hexo","hostname":"C02DT9TKMD6M","pid":4479,"level":20,"msg":"Processed: \u001b[35mlayout/_partial/header.ejs\u001b[39m","time":"2021-06-21T12:37:31.013Z","v":0}
{"name":"hexo","hostname":"C02DT9TKMD6M","pid":4479,"level":20,"msg":"Processed: \u001b[35mlayout/_partial/nav.ejs\u001b[39m","time":"2021-06-21T12:37:31.013Z","v":0}
{"name":"hexo","hostname":"C02DT9TKMD6M","pid":4479,"level":20,"msg":"Processed: \u001b[35mlayout/_partial/pagination.ejs\u001b[39m","time":"2021-06-21T12:37:31.013Z","v":0}
{"name":"hexo","hostname":"C02DT9TKMD6M","pid":4479,"level":20,"msg":"Processed: \u001b[35mlayout/_partial/sidebar.ejs\u001b[39m","time":"2021-06-21T12:37:31.013Z","v":0}
{"name":"hexo","hostname":"C02DT9TKMD6M","pid":4479,"level":20,"msg":"Processed: \u001b[35mlayout/_partial/toc.ejs\u001b[39m","time":"2021-06-21T12:37:31.013Z","v":0}
{"name":"hexo","hostname":"C02DT9TKMD6M","pid":4479,"level":20,"msg":"Processed: \u001b[35mlayout/_widget/archive.ejs\u001b[39m","time":"2021-06-21T12:37:31.013Z","v":0}
{"name":"hexo","hostname":"C02DT9TKMD6M","pid":4479,"level":20,"msg":"Processed: \u001b[35mlayout/_widget/category.ejs\u001b[39m","time":"2021-06-21T12:37:31.013Z","v":0}
{"name":"hexo","hostname":"C02DT9TKMD6M","pid":4479,"level":20,"msg":"Processed: \u001b[35mlayout/_widget/featured-tags.ejs\u001b[39m","time":"2021-06-21T12:37:31.013Z","v":0}
{"name":"hexo","hostname":"C02DT9TKMD6M","pid":4479,"level":20,"msg":"Processed: \u001b[35mlayout/_widget/friends-blog.ejs\u001b[39m","time":"2021-06-21T12:37:31.013Z","v":0}
{"name":"hexo","hostname":"C02DT9TKMD6M","pid":4479,"level":20,"msg":"Processed: \u001b[35mlayout/_widget/recent-posts.ejs\u001b[39m","time":"2021-06-21T12:37:31.013Z","v":0}
{"name":"hexo","hostname":"C02DT9TKMD6M","pid":4479,"level":20,"msg":"Processed: \u001b[35mlayout/_widget/short-about.ejs\u001b[39m","time":"2021-06-21T12:37:31.013Z","v":0}
{"name":"hexo","hostname":"C02DT9TKMD6M","pid":4479,"level":20,"msg":"Processed: \u001b[35msource/js/jquery.js\u001b[39m","time":"2021-06-21T12:37:31.025Z","v":0}
{"name":"hexo","hostname":"C02DT9TKMD6M","pid":4479,"level":20,"msg":"Processed: \u001b[35mimg/article/20190212/1.png\u001b[39m","time":"2021-06-21T12:37:31.027Z","v":0}
{"name":"hexo","hostname":"C02DT9TKMD6M","pid":4479,"level":20,"msg":"Processed: \u001b[35mimg/article/20190212/3.png\u001b[39m","time":"2021-06-21T12:37:31.029Z","v":0}
{"name":"hexo","hostname":"C02DT9TKMD6M","pid":4479,"level":20,"msg":"Processed: \u001b[35mimg/article/20190425/2.png\u001b[39m","time":"2021-06-21T12:37:31.030Z","v":0}
{"name":"hexo","hostname":"C02DT9TKMD6M","pid":4479,"level":20,"msg":"Processed: \u001b[35mimg/article/20190706/1.png\u001b[39m","time":"2021-06-21T12:37:31.032Z","v":0}
{"name":"hexo","hostname":"C02DT9TKMD6M","pid":4479,"level":20,"msg":"Processed: \u001b[35mimg/article/20190815/1.png\u001b[39m","time":"2021-06-21T12:37:31.033Z","v":0}
{"name":"hexo","hostname":"C02DT9TKMD6M","pid":4479,"level":20,"msg":"Processed: \u001b[35mimg/article/20190816/2.png\u001b[39m","time":"2021-06-21T12:37:31.034Z","v":0}
{"name":"hexo","hostname":"C02DT9TKMD6M","pid":4479,"level":20,"msg":"Processed: \u001b[35mimg/header_img/home-bg-o.png\u001b[39m","time":"2021-06-21T12:37:31.035Z","v":0}
{"name":"hexo","hostname":"C02DT9TKMD6M","pid":4479,"level":20,"msg":"Processed: \u001b[35m_posts/2019/cocoapods-create-pods-1121.md\u001b[39m","time":"2021-06-21T12:37:31.069Z","v":0}
{"name":"hexo","hostname":"C02DT9TKMD6M","pid":4479,"level":20,"msg":"Processed: \u001b[35m_posts/2019/core-animation-study-0503.md\u001b[39m","time":"2021-06-21T12:37:31.069Z","v":0}
{"name":"hexo","hostname":"C02DT9TKMD6M","pid":4479,"level":20,"msg":"Processed: \u001b[35m_posts/2019/core-graphics-study-0418.md\u001b[39m","time":"2021-06-21T12:37:31.069Z","v":0}
{"name":"hexo","hostname":"C02DT9TKMD6M","pid":4479,"level":20,"msg":"Processed: \u001b[35m_posts/2019/core-image-study-0425.md\u001b[39m","time":"2021-06-21T12:37:31.069Z","v":0}
{"name":"hexo","hostname":"C02DT9TKMD6M","pid":4479,"level":20,"msg":"Processed: \u001b[35m_posts/2019/create-github-pages-0212.md\u001b[39m","time":"2021-06-21T12:37:31.069Z","v":0}
{"name":"hexo","hostname":"C02DT9TKMD6M","pid":4479,"level":20,"msg":"Processed: \u001b[35m_posts/2019/leetcode-kth-problems-1216.md\u001b[39m","time":"2021-06-21T12:37:31.069Z","v":0}
{"name":"hexo","hostname":"C02DT9TKMD6M","pid":4479,"level":20,"msg":"Processed: \u001b[35m_posts/2019/leetcode-substring-search-problems-1007.md\u001b[39m","time":"2021-06-21T12:37:31.069Z","v":0}
{"name":"hexo","hostname":"C02DT9TKMD6M","pid":4479,"level":20,"msg":"Processed: \u001b[35m_posts/2019/opengl-es-coordinated-system-0825.md\u001b[39m","time":"2021-06-21T12:37:31.069Z","v":0}
{"name":"hexo","hostname":"C02DT9TKMD6M","pid":4479,"level":20,"msg":"Processed: \u001b[35m_posts/2019/opengl-es-draw-triangles-0606.md\u001b[39m","time":"2021-06-21T12:37:31.069Z","v":0}
{"name":"hexo","hostname":"C02DT9TKMD6M","pid":4479,"level":20,"msg":"Processed: \u001b[35m_posts/2019/opengl-es-fragment-shader-0815.md\u001b[39m","time":"2021-06-21T12:37:31.069Z","v":0}
{"name":"hexo","hostname":"C02DT9TKMD6M","pid":4479,"level":20,"msg":"Processed: \u001b[35m_posts/2019/opengl-es-fragment-operation-0816.md\u001b[39m","time":"2021-06-21T12:37:31.069Z","v":0}
{"name":"hexo","hostname":"C02DT9TKMD6M","pid":4479,"level":20,"msg":"Processed: \u001b[35m_posts/2019/opengl-es-glsl-0715.md\u001b[39m","time":"2021-06-21T12:37:31.069Z","v":0}
{"name":"hexo","hostname":"C02DT9TKMD6M","pid":4479,"level":20,"msg":"Processed: \u001b[35m_posts/2019/opengl-es-illuminate-0902.md\u001b[39m","time":"2021-06-21T12:37:31.069Z","v":0}
{"name":"hexo","hostname":"C02DT9TKMD6M","pid":4479,"level":20,"msg":"Processed: \u001b[35m_posts/2019/opengl-es-framebuffer-0819.md\u001b[39m","time":"2021-06-21T12:37:31.069Z","v":0}
{"name":"hexo","hostname":"C02DT9TKMD6M","pid":4479,"level":20,"msg":"Processed: \u001b[35m_posts/2019/opengl-es-primitive-0801.md\u001b[39m","time":"2021-06-21T12:37:31.069Z","v":0}
{"name":"hexo","hostname":"C02DT9TKMD6M","pid":4479,"level":20,"msg":"Processed: \u001b[35m_posts/2019/opengl-es-shader-and-program-0706.md\u001b[39m","time":"2021-06-21T12:37:31.069Z","v":0}
{"name":"hexo","hostname":"C02DT9TKMD6M","pid":4479,"level":20,"msg":"Processed: \u001b[35m_posts/2019/opengl-es-sync-and-fence-0821.md\u001b[39m","time":"2021-06-21T12:37:31.069Z","v":0}
{"name":"hexo","hostname":"C02DT9TKMD6M","pid":4479,"level":20,"msg":"Processed: \u001b[35m_posts/2019/opengl-es-vertex-shader-0803.md\u001b[39m","time":"2021-06-21T12:37:31.069Z","v":0}
{"name":"hexo","hostname":"C02DT9TKMD6M","pid":4479,"level":20,"msg":"Processed: \u001b[35m_posts/2019/opengl-es-vertex-0720.md\u001b[39m","time":"2021-06-21T12:37:31.069Z","v":0}
{"name":"hexo","hostname":"C02DT9TKMD6M","pid":4479,"level":20,"msg":"Processed: \u001b[35m_posts/2019/refactoring-massive-app-delegate-0215.md\u001b[39m","time":"2021-06-21T12:37:31.070Z","v":0}
{"name":"hexo","hostname":"C02DT9TKMD6M","pid":4479,"level":20,"msg":"Processed: \u001b[35m_posts/2019/swift-package-manager-1122.md\u001b[39m","time":"2021-06-21T12:37:31.070Z","v":0}
{"name":"hexo","hostname":"C02DT9TKMD6M","pid":4479,"level":20,"msg":"Processed: \u001b[35m_posts/2019/talk-about-design-pattern-0326.md\u001b[39m","time":"2021-06-21T12:37:31.070Z","v":0}
{"name":"hexo","hostname":"C02DT9TKMD6M","pid":4479,"level":20,"msg":"Processed: \u001b[35m_posts/2019/ubuntu-core-update-and-bbr-accelerate-1101.md\u001b[39m","time":"2021-06-21T12:37:31.070Z","v":0}
{"name":"hexo","hostname":"C02DT9TKMD6M","pid":4479,"level":20,"msg":"Processed: \u001b[35m_posts/2020/load-pdf-with-signature-0226.md\u001b[39m","time":"2021-06-21T12:37:31.070Z","v":0}
{"name":"hexo","hostname":"C02DT9TKMD6M","pid":4479,"level":20,"msg":"Processed: \u001b[35m_posts/2020/nstimer-circular-reference-issue-0330.md\u001b[39m","time":"2021-06-21T12:37:31.070Z","v":0}
{"name":"hexo","hostname":"C02DT9TKMD6M","pid":4479,"level":20,"msg":"Processed: \u001b[35m_posts/2020/talk-about-map-flatmap-compactmap-0119.md\u001b[39m","time":"2021-06-21T12:37:31.070Z","v":0}
{"name":"hexo","hostname":"C02DT9TKMD6M","pid":4479,"level":20,"msg":"Processed: \u001b[35m_posts/2021/realitykit-0621.md\u001b[39m","time":"2021-06-21T12:37:31.070Z","v":0}
{"name":"hexo","hostname":"C02DT9TKMD6M","pid":4479,"level":20,"msg":"Processed: \u001b[35mimg/article/20190810/4.png\u001b[39m","time":"2021-06-21T12:37:31.072Z","v":0}
{"name":"hexo","hostname":"C02DT9TKMD6M","pid":4479,"level":20,"msg":"Processed: \u001b[35mimg/article/20190810/5.png\u001b[39m","time":"2021-06-21T12:37:31.072Z","v":0}
{"name":"hexo","hostname":"C02DT9TKMD6M","pid":4479,"level":20,"msg":"Processed: \u001b[35mimg/avatar/icon.png\u001b[39m","time":"2021-06-21T12:37:31.072Z","v":0}
{"name":"hexo","hostname":"C02DT9TKMD6M","pid":4479,"level":20,"msg":"Processed: \u001b[35mimg/header_img/404.png\u001b[39m","time":"2021-06-21T12:37:31.072Z","v":0}
{"name":"hexo","hostname":"C02DT9TKMD6M","pid":4479,"level":20,"msg":"Processed: \u001b[35mimg/header_img/home.jpg\u001b[39m","time":"2021-06-21T12:37:31.073Z","v":0}
{"name":"hexo","hostname":"C02DT9TKMD6M","pid":4479,"level":20,"msg":"Processed: \u001b[35mimg/header_img/home2.png\u001b[39m","time":"2021-06-21T12:37:31.073Z","v":0}
{"name":"hexo","hostname":"C02DT9TKMD6M","pid":4479,"level":20,"msg":"Processed: \u001b[35m_posts/2019/opengl-es-study-0519.md\u001b[39m","time":"2021-06-21T12:37:31.074Z","v":0}
{"name":"hexo","hostname":"C02DT9TKMD6M","pid":4479,"level":20,"msg":"Processed: \u001b[35m_posts/2019/opengl-es-texture-0810.md\u001b[39m","time":"2021-06-21T12:37:31.074Z","v":0}
{"name":"hexo","hostname":"C02DT9TKMD6M","pid":4479,"level":20,"msg":"Processed: \u001b[35mimg/article/20190810/8.png\u001b[39m","time":"2021-06-21T12:37:31.075Z","v":0}
{"name":"hexo","hostname":"C02DT9TKMD6M","pid":4479,"level":20,"msg":"Processed: \u001b[35mimg/article/20200226/3.png\u001b[39m","time":"2021-06-21T12:37:31.075Z","v":0}
{"name":"hexo","hostname":"C02DT9TKMD6M","pid":4479,"level":20,"msg":"Processed: \u001b[35mimg/article/20200226/4.png\u001b[39m","time":"2021-06-21T12:37:31.075Z","v":0}
{"name":"hexo","hostname":"C02DT9TKMD6M","pid":4479,"level":20,"msg":"Processed: \u001b[35mimg/article/20210621/3.png\u001b[39m","time":"2021-06-21T12:37:31.075Z","v":0}
{"name":"hexo","hostname":"C02DT9TKMD6M","pid":4479,"level":20,"msg":"Processed: \u001b[35mimg/article/20190810/7.png\u001b[39m","time":"2021-06-21T12:37:31.078Z","v":0}
{"name":"hexo","hostname":"C02DT9TKMD6M","pid":4479,"level":20,"msg":"Processed: \u001b[35mimg/article/20191121/1.png\u001b[39m","time":"2021-06-21T12:37:31.079Z","v":0}
{"name":"hexo","hostname":"C02DT9TKMD6M","pid":4479,"level":20,"msg":"Processed: \u001b[35mimg/article/20191122/2.png\u001b[39m","time":"2021-06-21T12:37:31.081Z","v":0}
{"name":"hexo","hostname":"C02DT9TKMD6M","pid":4479,"level":20,"msg":"Processed: \u001b[35mimg/article/20200226/2.png\u001b[39m","time":"2021-06-21T12:37:31.087Z","v":0}
{"name":"hexo","hostname":"C02DT9TKMD6M","pid":4479,"level":20,"msg":"Processed: \u001b[35mimg/article/20191122/1.png\u001b[39m","time":"2021-06-21T12:37:31.094Z","v":0}
{"name":"hexo","hostname":"C02DT9TKMD6M","pid":4479,"level":20,"msg":"Processed: \u001b[35mimg/article_header/article_header.png\u001b[39m","time":"2021-06-21T12:37:31.095Z","v":0}
{"name":"hexo","hostname":"C02DT9TKMD6M","pid":4479,"level":20,"msg":"Generator: \u001b[35mpage\u001b[39m","time":"2021-06-21T12:37:32.222Z","v":0}
{"name":"hexo","hostname":"C02DT9TKMD6M","pid":4479,"level":20,"msg":"Generator: \u001b[35mpost\u001b[39m","time":"2021-06-21T12:37:32.222Z","v":0}
{"name":"hexo","hostname":"C02DT9TKMD6M","pid":4479,"level":20,"msg":"Generator: \u001b[35mcategory\u001b[39m","time":"2021-06-21T12:37:32.222Z","v":0}
{"name":"hexo","hostname":"C02DT9TKMD6M","pid":4479,"level":20,"msg":"Generator: \u001b[35marchive\u001b[39m","time":"2021-06-21T12:37:32.222Z","v":0}
{"name":"hexo","hostname":"C02DT9TKMD6M","pid":4479,"level":20,"msg":"Generator: \u001b[35mindex\u001b[39m","time":"2021-06-21T12:37:32.222Z","v":0}
{"name":"hexo","hostname":"C02DT9TKMD6M","pid":4479,"level":20,"msg":"Generator: \u001b[35mtag\u001b[39m","time":"2021-06-21T12:37:32.222Z","v":0}
{"name":"hexo","hostname":"C02DT9TKMD6M","pid":4479,"level":20,"msg":"Generator: \u001b[35masset\u001b[39m","time":"2021-06-21T12:37:32.227Z","v":0}
{"name":"hexo","hostname":"C02DT9TKMD6M","pid":4479,"level":20,"msg":"Generator: \u001b[35msitemap\u001b[39m","time":"2021-06-21T12:37:32.241Z","v":0}
{"name":"hexo","hostname":"C02DT9TKMD6M","pid":4479,"level":30,"msg":"Hexo is running at \u001b[4mhttp://localhost:4000/\u001b[24m. Press Ctrl+C to stop.","time":"2021-06-21T12:37:32.247Z","v":0}
{"name":"hexo","hostname":"C02DT9TKMD6M","pid":4479,"level":20,"msg":"Database saved","time":"2021-06-21T12:37:32.287Z","v":0}
{"name":"hexo","hostname":"C02DT9TKMD6M","pid":4479,"level":20,"msg":"Rendering index: \u001b[35mindex.html\u001b[39m","time":"2021-06-21T12:37:38.849Z","v":0}
{"name":"hexo","hostname":"C02DT9TKMD6M","pid":4479,"level":30,"msg":"See you again","time":"2021-06-21T12:40:04.894Z","v":0}
{"name":"hexo","hostname":"C02DT9TKMD6M","pid":4479,"level":20,"msg":"Database saved","time":"2021-06-21T12:40:04.952Z","v":0}
